# JRE version: Java(TM) SE Runtime Environment (8.0_202-b08) (build 1.8.0_202-b08)
# Java VM: Java HotSpot(TM) 64-Bit Server VM (25.202-b08 mixed mode windows-amd64 compressed oops)
Heap:
 PSYoungGen      total 72704K, used 35094K [0x000000076ef80000, 0x0000000777d80000, 0x00000007c0000000)
  eden space 62464K, 56% used [0x000000076ef80000,0x00000007711c5a08,0x0000000772c80000)
  from space 10240K, 0% used [0x0000000773680000,0x0000000773680000,0x0000000774080000)
  to   space 10240K, 0% used [0x0000000772c80000,0x0000000772c80000,0x0000000773680000)
 ParOldGen       total 75264K, used 5769K [0x00000006cce00000, 0x00000006d1780000, 0x000000076ef80000)
  object space 75264K, 7% used [0x00000006cce00000,0x00000006cd3a27c0,0x00000006d1780000)
 Metaspace       used 22105K, capacity 23126K, committed 23168K, reserved 1069056K
  class space    used 2938K, capacity 3169K, committed 3200K, reserved 1048576K
GC Heap History (10 events):
Event: 1.831 GC heap before
{Heap before GC invocations=1 (full 0):
 PSYoungGen      total 72704K, used 62464K [0x000000076ef80000, 0x0000000774080000, 0x00000007c0000000)
  eden space 62464K, 100% used [0x000000076ef80000,0x0000000772c80000,0x0000000772c80000)
  from space 10240K, 0% used [0x0000000773680000,0x0000000773680000,0x0000000774080000)
  to   space 10240K, 0% used [0x0000000772c80000,0x0000000772c80000,0x0000000773680000)
 ParOldGen       total 166912K, used 0K [0x00000006cce00000, 0x00000006d7100000, 0x000000076ef80000)
  object space 166912K, 0% used [0x00000006cce00000,0x00000006cce00000,0x00000006d7100000)
 Metaspace       used 10456K, capacity 10740K, committed 10880K, reserved 1058816K
  class space    used 1262K, capacity 1364K, committed 1408K, reserved 1048576K
Event: 1.841 GC heap after
Heap after GC invocations=1 (full 0):
 PSYoungGen      total 72704K, used 8529K [0x000000076ef80000, 0x0000000774080000, 0x00000007c0000000)
  eden space 62464K, 0% used [0x000000076ef80000,0x000000076ef80000,0x0000000772c80000)
  from space 10240K, 83% used [0x0000000772c80000,0x00000007734d4450,0x0000000773680000)
  to   space 10240K, 0% used [0x0000000773680000,0x0000000773680000,0x0000000774080000)
 ParOldGen       total 166912K, used 16K [0x00000006cce00000, 0x00000006d7100000, 0x000000076ef80000)
  object space 166912K, 0% used [0x00000006cce00000,0x00000006cce04000,0x00000006d7100000)
 Metaspace       used 10456K, capacity 10740K, committed 10880K, reserved 1058816K
  class space    used 1262K, capacity 1364K, committed 1408K, reserved 1048576K
}
Event: 3.061 GC heap before
{Heap before GC invocations=2 (full 0):
 PSYoungGen      total 72704K, used 70993K [0x000000076ef80000, 0x0000000774080000, 0x00000007c0000000)
  eden space 62464K, 100% used [0x000000076ef80000,0x0000000772c80000,0x0000000772c80000)
  from space 10240K, 83% used [0x0000000772c80000,0x00000007734d4450,0x0000000773680000)
  to   space 10240K, 0% used [0x0000000773680000,0x0000000773680000,0x0000000774080000)
 ParOldGen       total 166912K, used 16K [0x00000006cce00000, 0x00000006d7100000, 0x000000076ef80000)
  object space 166912K, 0% used [0x00000006cce00000,0x00000006cce04000,0x00000006d7100000)
 Metaspace       used 14451K, capacity 15134K, committed 15360K, reserved 1062912K
  class space    used 1848K, capacity 2021K, committed 2048K, reserved 1048576K
Event: 3.072 GC heap after
Heap after GC invocations=2 (full 0):
 PSYoungGen      total 72704K, used 9647K [0x000000076ef80000, 0x0000000774080000, 0x00000007c0000000)
  eden space 62464K, 0% used [0x000000076ef80000,0x000000076ef80000,0x0000000772c80000)
  from space 10240K, 94% used [0x0000000773680000,0x0000000773febfb0,0x0000000774080000)
  to   space 10240K, 0% used [0x0000000772c80000,0x0000000772c80000,0x0000000773680000)
 ParOldGen       total 166912K, used 627K [0x00000006cce00000, 0x00000006d7100000, 0x000000076ef80000)
  object space 166912K, 0% used [0x00000006cce00000,0x00000006cce9cc58,0x00000006d7100000)
 Metaspace       used 14451K, capacity 15134K, committed 15360K, reserved 1062912K
  class space    used 1848K, capacity 2021K, committed 2048K, reserved 1048576K
}
Event: 3.661 GC heap before
{Heap before GC invocations=3 (full 0):
 PSYoungGen      total 72704K, used 72111K [0x000000076ef80000, 0x0000000774080000, 0x00000007c0000000)
  eden space 62464K, 100% used [0x000000076ef80000,0x0000000772c80000,0x0000000772c80000)
  from space 10240K, 94% used [0x0000000773680000,0x0000000773febfb0,0x0000000774080000)
  to   space 10240K, 0% used [0x0000000772c80000,0x0000000772c80000,0x0000000773680000)
 ParOldGen       total 166912K, used 627K [0x00000006cce00000, 0x00000006d7100000, 0x000000076ef80000)
  object space 166912K, 0% used [0x00000006cce00000,0x00000006cce9cc58,0x00000006d7100000)
 Metaspace       used 20204K, capacity 21102K, committed 21296K, reserved 1067008K
  class space    used 2637K, capacity 2837K, committed 2944K, reserved 1048576K
Event: 3.670 GC heap after
Heap after GC invocations=3 (full 0):
 PSYoungGen      total 72704K, used 10235K [0x000000076ef80000, 0x0000000774080000, 0x00000007c0000000)
  eden space 62464K, 0% used [0x000000076ef80000,0x000000076ef80000,0x0000000772c80000)
  from space 10240K, 99% used [0x0000000772c80000,0x000000077367ee68,0x0000000773680000)
  to   space 10240K, 0% used [0x0000000773680000,0x0000000773680000,0x0000000774080000)
 ParOldGen       total 166912K, used 748K [0x00000006cce00000, 0x00000006d7100000, 0x000000076ef80000)
  object space 166912K, 0% used [0x00000006cce00000,0x00000006ccebb010,0x00000006d7100000)
 Metaspace       used 20204K, capacity 21102K, committed 21296K, reserved 1067008K
  class space    used 2637K, capacity 2837K, committed 2944K, reserved 1048576K
}
Event: 3.678 GC heap before
{Heap before GC invocations=4 (full 0):
 PSYoungGen      total 72704K, used 12525K [0x000000076ef80000, 0x0000000774080000, 0x00000007c0000000)
  eden space 62464K, 3% used [0x000000076ef80000,0x000000076f1bc988,0x0000000772c80000)
  from space 10240K, 99% used [0x0000000772c80000,0x000000077367ee68,0x0000000773680000)
  to   space 10240K, 0% used [0x0000000773680000,0x0000000773680000,0x0000000774080000)
 ParOldGen       total 166912K, used 748K [0x00000006cce00000, 0x00000006d7100000, 0x000000076ef80000)
  object space 166912K, 0% used [0x00000006cce00000,0x00000006ccebb010,0x00000006d7100000)
 Metaspace       used 20261K, capacity 21134K, committed 21296K, reserved 1067008K
  class space    used 2649K, capacity 2869K, committed 2944K, reserved 1048576K
Event: 3.684 GC heap after
Heap after GC invocations=4 (full 0):
 PSYoungGen      total 72704K, used 5952K [0x000000076ef80000, 0x0000000777d80000, 0x00000007c0000000)
  eden space 62464K, 0% used [0x000000076ef80000,0x000000076ef80000,0x0000000772c80000)
  from space 10240K, 58% used [0x0000000773680000,0x0000000773c501a8,0x0000000774080000)
  to   space 10240K, 0% used [0x0000000772c80000,0x0000000772c80000,0x0000000773680000)
 ParOldGen       total 166912K, used 756K [0x00000006cce00000, 0x00000006d7100000, 0x000000076ef80000)
  object space 166912K, 0% used [0x00000006cce00000,0x00000006ccebd010,0x00000006d7100000)
 Metaspace       used 20261K, capacity 21134K, committed 21296K, reserved 1067008K
  class space    used 2649K, capacity 2869K, committed 2944K, reserved 1048576K
}
Event: 3.684 GC heap before
{Heap before GC invocations=5 (full 1):
 PSYoungGen      total 72704K, used 5952K [0x000000076ef80000, 0x0000000777d80000, 0x00000007c0000000)
  eden space 62464K, 0% used [0x000000076ef80000,0x000000076ef80000,0x0000000772c80000)
  from space 10240K, 58% used [0x0000000773680000,0x0000000773c501a8,0x0000000774080000)
  to   space 10240K, 0% used [0x0000000772c80000,0x0000000772c80000,0x0000000773680000)
 ParOldGen       total 166912K, used 756K [0x00000006cce00000, 0x00000006d7100000, 0x000000076ef80000)
  object space 166912K, 0% used [0x00000006cce00000,0x00000006ccebd010,0x00000006d7100000)
 Metaspace       used 20261K, capacity 21134K, committed 21296K, reserved 1067008K
  class space    used 2649K, capacity 2869K, committed 2944K, reserved 1048576K
Event: 3.726 GC heap after
Heap after GC invocations=5 (full 1):
 PSYoungGen      total 72704K, used 0K [0x000000076ef80000, 0x0000000777d80000, 0x00000007c0000000)
  eden space 62464K, 0% used [0x000000076ef80000,0x000000076ef80000,0x0000000772c80000)
  from space 10240K, 0% used [0x0000000773680000,0x0000000773680000,0x0000000774080000)
  to   space 10240K, 0% used [0x0000000772c80000,0x0000000772c80000,0x0000000773680000)
 ParOldGen       total 75264K, used 5769K [0x00000006cce00000, 0x00000006d1780000, 0x000000076ef80000)
  object space 75264K, 7% used [0x00000006cce00000,0x00000006cd3a27c0,0x00000006d1780000)
 Metaspace       used 20261K, capacity 21134K, committed 21296K, reserved 1067008K
  class space    used 2649K, capacity 2869K, committed 2944K, reserved 1048576K
}

